{"/Users/skinnymac/Desktop/Lambda/web-sprint-challenge-authentication-and-testing/knexfile.js": {"path":"/Users/skinnymac/Desktop/Lambda/web-sprint-challenge-authentication-and-testing/knexfile.js","statementMap":{"0":{"start":{"line":1,"column":0},"end":{"line":25,"column":2}}},"fnMap":{},"branchMap":{},"s":{"0":2},"f":{},"b":{},"_coverageSchema":"1a1c01bbd47fc00a2c39e90264f33305004495a9","hash":"e220d224fd1948f3d93d1cff93d69ff2b202357c"}
,"/Users/skinnymac/Desktop/Lambda/web-sprint-challenge-authentication-and-testing/api/configs.js": {"path":"/Users/skinnymac/Desktop/Lambda/web-sprint-challenge-authentication-and-testing/api/configs.js","statementMap":{"0":{"start":{"line":1,"column":0},"end":{"line":3,"column":1}},"1":{"start":{"line":2,"column":2},"end":{"line":2,"column":65}},"2":{"start":{"line":5,"column":0},"end":{"line":7,"column":1}}},"fnMap":{},"branchMap":{"0":{"loc":{"start":{"line":1,"column":0},"end":{"line":3,"column":1}},"type":"if","locations":[{"start":{"line":1,"column":0},"end":{"line":3,"column":1}},{"start":{"line":1,"column":0},"end":{"line":3,"column":1}}],"line":1},"1":{"loc":{"start":{"line":1,"column":3},"end":{"line":1,"column":67}},"type":"binary-expr","locations":[{"start":{"line":1,"column":3},"end":{"line":1,"column":40}},{"start":{"line":1,"column":44},"end":{"line":1,"column":67}}],"line":1},"2":{"loc":{"start":{"line":6,"column":13},"end":{"line":6,"column":91}},"type":"binary-expr","locations":[{"start":{"line":6,"column":13},"end":{"line":6,"column":35}},{"start":{"line":6,"column":39},"end":{"line":6,"column":91}}],"line":6}},"s":{"0":2,"1":0,"2":2},"f":{},"b":{"0":[0,2],"1":[2,0],"2":[2,2]},"_coverageSchema":"1a1c01bbd47fc00a2c39e90264f33305004495a9","hash":"1811a2e94c9b6e64ce54151b7ea5b2223300b2e4"}
,"/Users/skinnymac/Desktop/Lambda/web-sprint-challenge-authentication-and-testing/api/server-test.js": {"path":"/Users/skinnymac/Desktop/Lambda/web-sprint-challenge-authentication-and-testing/api/server-test.js","statementMap":{"0":{"start":{"line":1,"column":16},"end":{"line":1,"column":34}},"1":{"start":{"line":3,"column":0},"end":{"line":10,"column":2}},"2":{"start":{"line":4,"column":17},"end":{"line":4,"column":26}},"3":{"start":{"line":6,"column":2},"end":{"line":6,"column":29}},"4":{"start":{"line":7,"column":2},"end":{"line":7,"column":26}},"5":{"start":{"line":9,"column":2},"end":{"line":9,"column":16}}},"fnMap":{"0":{"name":"makeServer","decl":{"start":{"line":3,"column":26},"end":{"line":3,"column":36}},"loc":{"start":{"line":3,"column":45},"end":{"line":10,"column":1}},"line":3}},"branchMap":{},"s":{"0":2,"1":2,"2":2,"3":2,"4":2,"5":2},"f":{"0":2},"b":{},"_coverageSchema":"1a1c01bbd47fc00a2c39e90264f33305004495a9","hash":"b24c247f086e7a59c0f151012c6c27b53e62de7a"}
,"/Users/skinnymac/Desktop/Lambda/web-sprint-challenge-authentication-and-testing/api/server.js": {"path":"/Users/skinnymac/Desktop/Lambda/web-sprint-challenge-authentication-and-testing/api/server.js","statementMap":{"0":{"start":{"line":1,"column":16},"end":{"line":1,"column":34}},"1":{"start":{"line":2,"column":13},"end":{"line":2,"column":28}},"2":{"start":{"line":3,"column":15},"end":{"line":3,"column":32}},"3":{"start":{"line":4,"column":11},"end":{"line":4,"column":42}},"4":{"start":{"line":6,"column":21},"end":{"line":6,"column":66}},"5":{"start":{"line":7,"column":19},"end":{"line":7,"column":52}},"6":{"start":{"line":8,"column":20},"end":{"line":8,"column":55}},"7":{"start":{"line":10,"column":15},"end":{"line":10,"column":24}},"8":{"start":{"line":12,"column":0},"end":{"line":12,"column":21}},"9":{"start":{"line":13,"column":0},"end":{"line":13,"column":19}},"10":{"start":{"line":14,"column":0},"end":{"line":14,"column":27}},"11":{"start":{"line":16,"column":0},"end":{"line":16,"column":36}},"12":{"start":{"line":17,"column":0},"end":{"line":17,"column":52}},"13":{"start":{"line":19,"column":0},"end":{"line":26,"column":3}},"14":{"start":{"line":21,"column":2},"end":{"line":25,"column":5}},"15":{"start":{"line":28,"column":0},"end":{"line":28,"column":24}},"16":{"start":{"line":31,"column":2},"end":{"line":37,"column":3}},"17":{"start":{"line":32,"column":4},"end":{"line":32,"column":41}},"18":{"start":{"line":33,"column":4},"end":{"line":33,"column":16}},"19":{"start":{"line":35,"column":4},"end":{"line":35,"column":20}},"20":{"start":{"line":36,"column":4},"end":{"line":36,"column":17}}},"fnMap":{"0":{"name":"(anonymous_0)","decl":{"start":{"line":19,"column":22},"end":{"line":19,"column":23}},"loc":{"start":{"line":19,"column":42},"end":{"line":26,"column":1}},"line":19},"1":{"name":"getDbStatus","decl":{"start":{"line":30,"column":15},"end":{"line":30,"column":26}},"loc":{"start":{"line":30,"column":29},"end":{"line":38,"column":1}},"line":30}},"branchMap":{},"s":{"0":1,"1":1,"2":1,"3":1,"4":1,"5":1,"6":1,"7":1,"8":1,"9":1,"10":1,"11":1,"12":1,"13":1,"14":1,"15":1,"16":1,"17":1,"18":1,"19":0,"20":0},"f":{"0":1,"1":1},"b":{},"_coverageSchema":"1a1c01bbd47fc00a2c39e90264f33305004495a9","hash":"676d1c3bffe70c74b7547cff6f6cabeae24241c1"}
,"/Users/skinnymac/Desktop/Lambda/web-sprint-challenge-authentication-and-testing/auth/auth-model.js": {"path":"/Users/skinnymac/Desktop/Lambda/web-sprint-challenge-authentication-and-testing/auth/auth-model.js","statementMap":{"0":{"start":{"line":1,"column":11},"end":{"line":1,"column":42}},"1":{"start":{"line":3,"column":0},"end":{"line":7,"column":2}},"2":{"start":{"line":10,"column":2},"end":{"line":11,"column":18}},"3":{"start":{"line":15,"column":2},"end":{"line":20,"column":3}},"4":{"start":{"line":16,"column":17},"end":{"line":16,"column":53}},"5":{"start":{"line":17,"column":4},"end":{"line":17,"column":24}},"6":{"start":{"line":19,"column":4},"end":{"line":19,"column":59}},"7":{"start":{"line":24,"column":2},"end":{"line":25,"column":25}}},"fnMap":{"0":{"name":"findBy","decl":{"start":{"line":9,"column":9},"end":{"line":9,"column":15}},"loc":{"start":{"line":9,"column":25},"end":{"line":12,"column":1}},"line":9},"1":{"name":"add","decl":{"start":{"line":14,"column":15},"end":{"line":14,"column":18}},"loc":{"start":{"line":14,"column":26},"end":{"line":21,"column":1}},"line":14},"2":{"name":"findById","decl":{"start":{"line":23,"column":9},"end":{"line":23,"column":17}},"loc":{"start":{"line":23,"column":22},"end":{"line":26,"column":1}},"line":23}},"branchMap":{},"s":{"0":2,"1":2,"2":1,"3":3,"4":3,"5":3,"6":0,"7":3},"f":{"0":1,"1":3,"2":3},"b":{},"_coverageSchema":"1a1c01bbd47fc00a2c39e90264f33305004495a9","hash":"9dd8f2f77e29e13672567379dc60b9cc4ac0e5c8"}
,"/Users/skinnymac/Desktop/Lambda/web-sprint-challenge-authentication-and-testing/auth/auth-router.js": {"path":"/Users/skinnymac/Desktop/Lambda/web-sprint-challenge-authentication-and-testing/auth/auth-router.js","statementMap":{"0":{"start":{"line":1,"column":15},"end":{"line":1,"column":42}},"1":{"start":{"line":2,"column":17},"end":{"line":2,"column":36}},"2":{"start":{"line":3,"column":12},"end":{"line":3,"column":35}},"3":{"start":{"line":5,"column":16},"end":{"line":5,"column":41}},"4":{"start":{"line":6,"column":14},"end":{"line":6,"column":37}},"5":{"start":{"line":7,"column":20},"end":{"line":7,"column":46}},"6":{"start":{"line":9,"column":0},"end":{"line":25,"column":3}},"7":{"start":{"line":10,"column":22},"end":{"line":10,"column":30}},"8":{"start":{"line":11,"column":2},"end":{"line":24,"column":3}},"9":{"start":{"line":12,"column":19},"end":{"line":12,"column":49}},"10":{"start":{"line":13,"column":17},"end":{"line":13,"column":64}},"11":{"start":{"line":14,"column":4},"end":{"line":14,"column":32}},"12":{"start":{"line":15,"column":4},"end":{"line":21,"column":8}},"13":{"start":{"line":17,"column":8},"end":{"line":17,"column":34}},"14":{"start":{"line":20,"column":8},"end":{"line":20,"column":70}},"15":{"start":{"line":23,"column":4},"end":{"line":23,"column":91}},"16":{"start":{"line":27,"column":0},"end":{"line":48,"column":3}},"17":{"start":{"line":28,"column":33},"end":{"line":28,"column":41}},"18":{"start":{"line":29,"column":2},"end":{"line":47,"column":3}},"19":{"start":{"line":30,"column":4},"end":{"line":42,"column":8}},"20":{"start":{"line":32,"column":8},"end":{"line":32,"column":25}},"21":{"start":{"line":33,"column":8},"end":{"line":38,"column":9}},"22":{"start":{"line":34,"column":24},"end":{"line":34,"column":36}},"23":{"start":{"line":35,"column":10},"end":{"line":35,"column":72}},"24":{"start":{"line":37,"column":10},"end":{"line":37,"column":97}},"25":{"start":{"line":41,"column":8},"end":{"line":41,"column":105}},"26":{"start":{"line":44,"column":4},"end":{"line":46,"column":6}},"27":{"start":{"line":51,"column":18},"end":{"line":53,"column":3}},"28":{"start":{"line":54,"column":21},"end":{"line":56,"column":3}},"29":{"start":{"line":57,"column":2},"end":{"line":57,"column":57}},"30":{"start":{"line":59,"column":0},"end":{"line":59,"column":24}}},"fnMap":{"0":{"name":"(anonymous_0)","decl":{"start":{"line":9,"column":25},"end":{"line":9,"column":26}},"loc":{"start":{"line":9,"column":39},"end":{"line":25,"column":1}},"line":9},"1":{"name":"(anonymous_1)","decl":{"start":{"line":16,"column":12},"end":{"line":16,"column":13}},"loc":{"start":{"line":16,"column":20},"end":{"line":18,"column":7}},"line":16},"2":{"name":"(anonymous_2)","decl":{"start":{"line":19,"column":13},"end":{"line":19,"column":14}},"loc":{"start":{"line":19,"column":20},"end":{"line":21,"column":7}},"line":19},"3":{"name":"(anonymous_3)","decl":{"start":{"line":27,"column":22},"end":{"line":27,"column":23}},"loc":{"start":{"line":27,"column":36},"end":{"line":48,"column":1}},"line":27},"4":{"name":"(anonymous_4)","decl":{"start":{"line":31,"column":12},"end":{"line":31,"column":13}},"loc":{"start":{"line":31,"column":24},"end":{"line":39,"column":7}},"line":31},"5":{"name":"(anonymous_5)","decl":{"start":{"line":40,"column":13},"end":{"line":40,"column":14}},"loc":{"start":{"line":40,"column":22},"end":{"line":42,"column":7}},"line":40},"6":{"name":"getJwt","decl":{"start":{"line":50,"column":9},"end":{"line":50,"column":15}},"loc":{"start":{"line":50,"column":22},"end":{"line":58,"column":1}},"line":50}},"branchMap":{"0":{"loc":{"start":{"line":11,"column":2},"end":{"line":24,"column":3}},"type":"if","locations":[{"start":{"line":11,"column":2},"end":{"line":24,"column":3}},{"start":{"line":11,"column":2},"end":{"line":24,"column":3}}],"line":11},"1":{"loc":{"start":{"line":12,"column":19},"end":{"line":12,"column":49}},"type":"binary-expr","locations":[{"start":{"line":12,"column":19},"end":{"line":12,"column":44}},{"start":{"line":12,"column":48},"end":{"line":12,"column":49}}],"line":12},"2":{"loc":{"start":{"line":29,"column":2},"end":{"line":47,"column":3}},"type":"if","locations":[{"start":{"line":29,"column":2},"end":{"line":47,"column":3}},{"start":{"line":29,"column":2},"end":{"line":47,"column":3}}],"line":29},"3":{"loc":{"start":{"line":33,"column":8},"end":{"line":38,"column":9}},"type":"if","locations":[{"start":{"line":33,"column":8},"end":{"line":38,"column":9}},{"start":{"line":33,"column":8},"end":{"line":38,"column":9}}],"line":33},"4":{"loc":{"start":{"line":33,"column":12},"end":{"line":33,"column":65}},"type":"binary-expr","locations":[{"start":{"line":33,"column":12},"end":{"line":33,"column":16}},{"start":{"line":33,"column":20},"end":{"line":33,"column":65}}],"line":33}},"s":{"0":2,"1":2,"2":2,"3":2,"4":2,"5":2,"6":2,"7":4,"8":4,"9":3,"10":3,"11":3,"12":3,"13":3,"14":0,"15":1,"16":2,"17":2,"18":2,"19":1,"20":1,"21":1,"22":1,"23":1,"24":0,"25":0,"26":1,"27":1,"28":1,"29":1,"30":2},"f":{"0":4,"1":3,"2":0,"3":2,"4":1,"5":0,"6":1},"b":{"0":[3,1],"1":[3,3],"2":[1,1],"3":[1,0],"4":[1,1]},"_coverageSchema":"1a1c01bbd47fc00a2c39e90264f33305004495a9","hash":"8a79bc46b64cb8d308285b6327a4592576b854f9"}
,"/Users/skinnymac/Desktop/Lambda/web-sprint-challenge-authentication-and-testing/auth/auth-services.js": {"path":"/Users/skinnymac/Desktop/Lambda/web-sprint-challenge-authentication-and-testing/auth/auth-services.js","statementMap":{"0":{"start":{"line":1,"column":0},"end":{"line":3,"column":1}},"1":{"start":{"line":6,"column":1},"end":{"line":6,"column":85}}},"fnMap":{"0":{"name":"isValid","decl":{"start":{"line":5,"column":9},"end":{"line":5,"column":16}},"loc":{"start":{"line":5,"column":23},"end":{"line":7,"column":1}},"line":5}},"branchMap":{"0":{"loc":{"start":{"line":6,"column":16},"end":{"line":6,"column":83}},"type":"binary-expr","locations":[{"start":{"line":6,"column":16},"end":{"line":6,"column":29}},{"start":{"line":6,"column":33},"end":{"line":6,"column":46}},{"start":{"line":6,"column":50},"end":{"line":6,"column":83}}],"line":6}},"s":{"0":2,"1":6},"f":{"0":6},"b":{"0":[6,6,4]},"_coverageSchema":"1a1c01bbd47fc00a2c39e90264f33305004495a9","hash":"f553cf13f8f4072a569e816e22e99e7a5ea371f3"}
,"/Users/skinnymac/Desktop/Lambda/web-sprint-challenge-authentication-and-testing/auth/authenticate-middleware.js": {"path":"/Users/skinnymac/Desktop/Lambda/web-sprint-challenge-authentication-and-testing/auth/authenticate-middleware.js","statementMap":{"0":{"start":{"line":5,"column":12},"end":{"line":5,"column":35}},"1":{"start":{"line":6,"column":22},"end":{"line":6,"column":47}},"2":{"start":{"line":8,"column":0},"end":{"line":22,"column":2}},"3":{"start":{"line":9,"column":16},"end":{"line":9,"column":41}},"4":{"start":{"line":10,"column":2},"end":{"line":21,"column":3}},"5":{"start":{"line":11,"column":4},"end":{"line":18,"column":6}},"6":{"start":{"line":12,"column":6},"end":{"line":17,"column":7}},"7":{"start":{"line":13,"column":8},"end":{"line":13,"column":58}},"8":{"start":{"line":15,"column":8},"end":{"line":15,"column":31}},"9":{"start":{"line":16,"column":8},"end":{"line":16,"column":15}},"10":{"start":{"line":20,"column":4},"end":{"line":20,"column":94}}},"fnMap":{"0":{"name":"(anonymous_0)","decl":{"start":{"line":8,"column":17},"end":{"line":8,"column":18}},"loc":{"start":{"line":8,"column":37},"end":{"line":22,"column":1}},"line":8},"1":{"name":"(anonymous_1)","decl":{"start":{"line":11,"column":33},"end":{"line":11,"column":34}},"loc":{"start":{"line":11,"column":56},"end":{"line":18,"column":5}},"line":11}},"branchMap":{"0":{"loc":{"start":{"line":10,"column":2},"end":{"line":21,"column":3}},"type":"if","locations":[{"start":{"line":10,"column":2},"end":{"line":21,"column":3}},{"start":{"line":10,"column":2},"end":{"line":21,"column":3}}],"line":10},"1":{"loc":{"start":{"line":12,"column":6},"end":{"line":17,"column":7}},"type":"if","locations":[{"start":{"line":12,"column":6},"end":{"line":17,"column":7}},{"start":{"line":12,"column":6},"end":{"line":17,"column":7}}],"line":12}},"s":{"0":1,"1":1,"2":1,"3":0,"4":0,"5":0,"6":0,"7":0,"8":0,"9":0,"10":0},"f":{"0":0,"1":0},"b":{"0":[0,0],"1":[0,0]},"_coverageSchema":"1a1c01bbd47fc00a2c39e90264f33305004495a9","hash":"67f88502df5e1a802d6f7fc27e0c0312277e7627"}
,"/Users/skinnymac/Desktop/Lambda/web-sprint-challenge-authentication-and-testing/database/dbConfig.js": {"path":"/Users/skinnymac/Desktop/Lambda/web-sprint-challenge-authentication-and-testing/database/dbConfig.js","statementMap":{"0":{"start":{"line":1,"column":13},"end":{"line":1,"column":28}},"1":{"start":{"line":3,"column":19},"end":{"line":3,"column":44}},"2":{"start":{"line":4,"column":14},"end":{"line":4,"column":49}},"3":{"start":{"line":6,"column":0},"end":{"line":6,"column":41}}},"fnMap":{},"branchMap":{"0":{"loc":{"start":{"line":4,"column":14},"end":{"line":4,"column":49}},"type":"binary-expr","locations":[{"start":{"line":4,"column":14},"end":{"line":4,"column":32}},{"start":{"line":4,"column":36},"end":{"line":4,"column":49}}],"line":4}},"s":{"0":2,"1":2,"2":2,"3":2},"f":{},"b":{"0":[2,0]},"_coverageSchema":"1a1c01bbd47fc00a2c39e90264f33305004495a9","hash":"85ccb730ebd7a577d6f2c060aaa1e6e8031dcc51"}
,"/Users/skinnymac/Desktop/Lambda/web-sprint-challenge-authentication-and-testing/jokes/jokes-router.js": {"path":"/Users/skinnymac/Desktop/Lambda/web-sprint-challenge-authentication-and-testing/jokes/jokes-router.js","statementMap":{"0":{"start":{"line":1,"column":14},"end":{"line":1,"column":30}},"1":{"start":{"line":3,"column":15},"end":{"line":3,"column":42}},"2":{"start":{"line":5,"column":0},"end":{"line":18,"column":3}},"3":{"start":{"line":6,"column":25},"end":{"line":8,"column":3}},"4":{"start":{"line":10,"column":2},"end":{"line":17,"column":7}},"5":{"start":{"line":13,"column":6},"end":{"line":13,"column":50}},"6":{"start":{"line":16,"column":6},"end":{"line":16,"column":76}},"7":{"start":{"line":20,"column":0},"end":{"line":20,"column":24}}},"fnMap":{"0":{"name":"(anonymous_0)","decl":{"start":{"line":5,"column":16},"end":{"line":5,"column":17}},"loc":{"start":{"line":5,"column":30},"end":{"line":18,"column":1}},"line":5},"1":{"name":"(anonymous_1)","decl":{"start":{"line":12,"column":10},"end":{"line":12,"column":11}},"loc":{"start":{"line":12,"column":22},"end":{"line":14,"column":5}},"line":12},"2":{"name":"(anonymous_2)","decl":{"start":{"line":15,"column":11},"end":{"line":15,"column":12}},"loc":{"start":{"line":15,"column":18},"end":{"line":17,"column":5}},"line":15}},"branchMap":{},"s":{"0":2,"1":2,"2":2,"3":1,"4":1,"5":1,"6":0,"7":2},"f":{"0":1,"1":1,"2":0},"b":{},"_coverageSchema":"1a1c01bbd47fc00a2c39e90264f33305004495a9","hash":"70579edd78be41dba1b23e3f3e741311d68da21d"}
}
