TN:
SF:knexfile.js
FNF:0
FNH:0
DA:1,2
LF:1
LH:1
BRF:0
BRH:0
end_of_record
TN:
SF:api/configs.js
FNF:0
FNH:0
DA:1,2
DA:2,0
DA:5,2
LF:3
LH:2
BRDA:1,0,0,0
BRDA:1,0,1,2
BRDA:1,1,0,2
BRDA:1,1,1,0
BRDA:6,2,0,2
BRDA:6,2,1,2
BRF:6
BRH:4
end_of_record
TN:
SF:api/server-test.js
FN:3,makeServer
FNF:1
FNH:1
FNDA:2,makeServer
DA:1,2
DA:3,2
DA:4,2
DA:6,2
DA:7,2
DA:9,2
LF:6
LH:6
BRF:0
BRH:0
end_of_record
TN:
SF:api/server.js
FN:19,(anonymous_0)
FN:30,getDbStatus
FNF:2
FNH:2
FNDA:1,(anonymous_0)
FNDA:1,getDbStatus
DA:1,1
DA:2,1
DA:3,1
DA:4,1
DA:6,1
DA:7,1
DA:8,1
DA:10,1
DA:12,1
DA:13,1
DA:14,1
DA:16,1
DA:17,1
DA:19,1
DA:21,1
DA:28,1
DA:31,1
DA:32,1
DA:33,1
DA:35,0
DA:36,0
LF:21
LH:19
BRF:0
BRH:0
end_of_record
TN:
SF:auth/auth-model.js
FN:9,findBy
FN:14,add
FN:23,findById
FNF:3
FNH:3
FNDA:1,findBy
FNDA:3,add
FNDA:3,findById
DA:1,2
DA:3,2
DA:10,1
DA:15,3
DA:16,3
DA:17,3
DA:19,0
DA:24,3
LF:8
LH:7
BRF:0
BRH:0
end_of_record
TN:
SF:auth/auth-router.js
FN:9,(anonymous_0)
FN:16,(anonymous_1)
FN:19,(anonymous_2)
FN:27,(anonymous_3)
FN:31,(anonymous_4)
FN:40,(anonymous_5)
FN:50,getJwt
FNF:7
FNH:5
FNDA:4,(anonymous_0)
FNDA:3,(anonymous_1)
FNDA:0,(anonymous_2)
FNDA:2,(anonymous_3)
FNDA:1,(anonymous_4)
FNDA:0,(anonymous_5)
FNDA:1,getJwt
DA:1,2
DA:2,2
DA:3,2
DA:5,2
DA:6,2
DA:7,2
DA:9,2
DA:10,4
DA:11,4
DA:12,3
DA:13,3
DA:14,3
DA:15,3
DA:17,3
DA:20,0
DA:23,1
DA:27,2
DA:28,2
DA:29,2
DA:30,1
DA:32,1
DA:33,1
DA:34,1
DA:35,1
DA:37,0
DA:41,0
DA:44,1
DA:51,1
DA:54,1
DA:57,1
DA:59,2
LF:31
LH:28
BRDA:11,0,0,3
BRDA:11,0,1,1
BRDA:12,1,0,3
BRDA:12,1,1,3
BRDA:29,2,0,1
BRDA:29,2,1,1
BRDA:33,3,0,1
BRDA:33,3,1,0
BRDA:33,4,0,1
BRDA:33,4,1,1
BRF:10
BRH:9
end_of_record
TN:
SF:auth/auth-services.js
FN:5,isValid
FNF:1
FNH:1
FNDA:6,isValid
DA:1,2
DA:6,6
LF:2
LH:2
BRDA:6,0,0,6
BRDA:6,0,1,6
BRDA:6,0,2,4
BRF:3
BRH:3
end_of_record
TN:
SF:auth/authenticate-middleware.js
FN:8,(anonymous_0)
FN:11,(anonymous_1)
FNF:2
FNH:0
FNDA:0,(anonymous_0)
FNDA:0,(anonymous_1)
DA:5,1
DA:6,1
DA:8,1
DA:9,0
DA:10,0
DA:11,0
DA:12,0
DA:13,0
DA:15,0
DA:16,0
DA:20,0
LF:11
LH:3
BRDA:10,0,0,0
BRDA:10,0,1,0
BRDA:12,1,0,0
BRDA:12,1,1,0
BRF:4
BRH:0
end_of_record
TN:
SF:database/dbConfig.js
FNF:0
FNH:0
DA:1,2
DA:3,2
DA:4,2
DA:6,2
LF:4
LH:4
BRDA:4,0,0,2
BRDA:4,0,1,0
BRF:2
BRH:1
end_of_record
TN:
SF:jokes/jokes-router.js
FN:5,(anonymous_0)
FN:12,(anonymous_1)
FN:15,(anonymous_2)
FNF:3
FNH:2
FNDA:1,(anonymous_0)
FNDA:1,(anonymous_1)
FNDA:0,(anonymous_2)
DA:1,2
DA:3,2
DA:5,2
DA:6,1
DA:10,1
DA:13,1
DA:16,0
DA:20,2
LF:8
LH:7
BRF:0
BRH:0
end_of_record
